[0.052s] Invoking command in '/home/quinton/tritonrobotics/training/tr-autonomy-2-rxlc/src/build/solution': CMAKE_PREFIX_PATH=/opt/ros/humble /usr/bin/cmake --build /home/quinton/tritonrobotics/training/tr-autonomy-2-rxlc/src/build/solution -- -j4 -l4
[0.185s] [35m[1mConsolidate compiler generated dependencies of target targetting[0m
[0.243s] [ 50%] [32mBuilding CXX object CMakeFiles/targetting.dir/src/targetting.cpp.o[0m
[6.944s] In file included from [01m[K/home/quinton/tritonrobotics/training/tr-autonomy-2-rxlc/src/solution/src/targetting.cpp:1[m[K:
[6.944s] [01m[K/home/quinton/tritonrobotics/training/tr-autonomy-2-rxlc/src/solution/src/targetting.h:17:41:[m[K [01;31m[Kerror: [m[K‘[01m[KFloat32Msg[m[K’ does not name a type
[6.944s]    17 |         void currentAngleCallback(const [01;31m[KFloat32Msg[m[K::SharedPtr msg);
[6.944s]       |                                         [01;31m[K^~~~~~~~~~[m[K
[6.945s] [01m[K/home/quinton/tritonrobotics/training/tr-autonomy-2-rxlc/src/solution/src/targetting.h:17:63:[m[K [01;31m[Kerror: [m[Kexpected unqualified-id before ‘[01m[Kmsg[m[K’
[6.945s]    17 |         void currentAngleCallback(const Float32Msg::SharedPtr [01;31m[Kmsg[m[K);
[6.945s]       |                                                               [01;31m[K^~~[m[K
[6.945s] [01m[K/home/quinton/tritonrobotics/training/tr-autonomy-2-rxlc/src/solution/src/targetting.h:17:62:[m[K [01;31m[Kerror: [m[Kexpected ‘[01m[K)[m[K’ before ‘[01m[Kmsg[m[K’
[6.948s]    17 |         void currentAngleCallback[34m[K([m[Kconst Float32Msg::SharedPtr[01;31m[K [m[K[32m[Kmsg[m[K);
[6.951s]       |                                  [34m[K~[m[K                           [01;31m[K^[m[K[32m[K~~~[m[K
[6.951s]       |                                                              [32m[K)[m[K
[6.951s] [01m[K/home/quinton/tritonrobotics/training/tr-autonomy-2-rxlc/src/solution/src/targetting.h:17:53:[m[K [01;31m[Kerror: [m[Kexpected ‘[01m[K;[m[K’ at end of member declaration
[6.951s]    17 |         void currentAngleCallback(const Float32Msg::[01;31m[KSharedPtr[m[K msg);
[6.951s]       |                                                     [01;31m[K^~~~~~~~~[m[K
[6.952s]       |                                                              [32m[K;[m[K
[6.952s] [01m[K/home/quinton/tritonrobotics/training/tr-autonomy-2-rxlc/src/solution/src/targetting.h:17:63:[m[K [01;31m[Kerror: [m[K‘[01m[Kmsg[m[K’ does not name a type
[6.952s]    17 |         void currentAngleCallback(const Float32Msg::SharedPtr [01;31m[Kmsg[m[K);
[6.952s]       |                                                               [01;31m[K^~~[m[K
[7.065s] [01m[K/home/quinton/tritonrobotics/training/tr-autonomy-2-rxlc/src/solution/src/targetting.h:20:30:[m[K [01;31m[Kerror: [m[K‘[01m[KFloat32Msg[m[K’ was not declared in this scope
[7.065s]    20 |         rclcpp::Subscription<[01;31m[KFloat32Msg[m[K>::SharedPtr current_angle_sub_;
[7.066s]       |                              [01;31m[K^~~~~~~~~~[m[K
[7.066s] [01m[K/home/quinton/tritonrobotics/training/tr-autonomy-2-rxlc/src/solution/src/targetting.h:20:40:[m[K [01;31m[Kerror: [m[Ktemplate argument 1 is invalid
[7.066s]    20 |         rclcpp::Subscription<Float32Msg[01;31m[K>[m[K::SharedPtr current_angle_sub_;
[7.066s]       |                                        [01;31m[K^[m[K
[7.066s] [01m[K/home/quinton/tritonrobotics/training/tr-autonomy-2-rxlc/src/solution/src/targetting.h:20:40:[m[K [01;31m[Kerror: [m[Ktemplate argument 3 is invalid
[7.066s] [01m[K/home/quinton/tritonrobotics/training/tr-autonomy-2-rxlc/src/solution/src/targetting.h:20:40:[m[K [01;31m[Kerror: [m[Ktemplate argument 4 is invalid
[7.066s] [01m[K/home/quinton/tritonrobotics/training/tr-autonomy-2-rxlc/src/solution/src/targetting.h:20:40:[m[K [01;31m[Kerror: [m[Ktemplate argument 5 is invalid
[7.066s] [01m[K/home/quinton/tritonrobotics/training/tr-autonomy-2-rxlc/src/solution/src/targetting.h:20:43:[m[K [01;31m[Kerror: [m[Kexpected ‘[01m[K;[m[K’ at end of member declaration
[7.067s]    20 |         rclcpp::Subscription<Float32Msg>::[01;31m[KSharedPtr[m[K current_angle_sub_;
[7.067s]       |                                           [01;31m[K^~~~~~~~~[m[K
[7.067s]       |                                                    [32m[K;[m[K
[7.073s] [01m[K/home/quinton/tritonrobotics/training/tr-autonomy-2-rxlc/src/solution/src/targetting.h:20:53:[m[K [01;31m[Kerror: [m[K‘[01m[Kcurrent_angle_sub_[m[K’ does not name a type
[7.074s]    20 |         rclcpp::Subscription<Float32Msg>::SharedPtr [01;31m[Kcurrent_angle_sub_[m[K;
[7.075s]       |                                                     [01;31m[K^~~~~~~~~~~~~~~~~~[m[K
[7.089s] [01m[K/home/quinton/tritonrobotics/training/tr-autonomy-2-rxlc/src/solution/src/targetting.h:22:27:[m[K [01;31m[Kerror: [m[K‘[01m[KFloat32Msg[m[K’ was not declared in this scope
[7.089s]    22 |         rclcpp::Publisher<[01;31m[KFloat32Msg[m[K>::SharedPtr desired_angle_pub;
[7.089s]       |                           [01;31m[K^~~~~~~~~~[m[K
[7.089s] [01m[K/home/quinton/tritonrobotics/training/tr-autonomy-2-rxlc/src/solution/src/targetting.h:22:37:[m[K [01;31m[Kerror: [m[Ktemplate argument 1 is invalid
[7.089s]    22 |         rclcpp::Publisher<Float32Msg[01;31m[K>[m[K::SharedPtr desired_angle_pub;
[7.090s]       |                                     [01;31m[K^[m[K
[7.090s] [01m[K/home/quinton/tritonrobotics/training/tr-autonomy-2-rxlc/src/solution/src/targetting.h:22:40:[m[K [01;31m[Kerror: [m[Kexpected ‘[01m[K;[m[K’ at end of member declaration
[7.090s]    22 |         rclcpp::Publisher<Float32Msg>::[01;31m[KSharedPtr[m[K desired_angle_pub;
[7.090s]       |                                        [01;31m[K^~~~~~~~~[m[K
[7.090s]       |                                                 [32m[K;[m[K
[7.090s] [01m[K/home/quinton/tritonrobotics/training/tr-autonomy-2-rxlc/src/solution/src/targetting.h:22:40:[m[K [01;31m[Kerror: [m[Kredeclaration of ‘[01m[Kint Targetting::SharedPtr[m[K’
[7.090s] [01m[K/home/quinton/tritonrobotics/training/tr-autonomy-2-rxlc/src/solution/src/targetting.h:20:43:[m[K [01;36m[Knote: [m[Kprevious declaration ‘[01m[Kint Targetting::SharedPtr[m[K’
[7.091s]    20 |         rclcpp::Subscription<Float32Msg>::[01;36m[KSharedPtr[m[K current_angle_sub_;
[7.091s]       |                                           [01;36m[K^~~~~~~~~[m[K
[7.099s] [01m[K/home/quinton/tritonrobotics/training/tr-autonomy-2-rxlc/src/solution/src/targetting.h:22:50:[m[K [01;31m[Kerror: [m[K‘[01m[Kdesired_angle_pub[m[K’ does not name a type
[7.100s]    22 |         rclcpp::Publisher<Float32Msg>::SharedPtr [01;31m[Kdesired_angle_pub[m[K;
[7.101s]       |                                                  [01;31m[K^~~~~~~~~~~~~~~~~[m[K
[7.133s] [01m[K/home/quinton/tritonrobotics/training/tr-autonomy-2-rxlc/src/solution/src/targetting.cpp:[m[K In constructor ‘[01m[KTargetting::Targetting()[m[K’:
[7.134s] [01m[K/home/quinton/tritonrobotics/training/tr-autonomy-2-rxlc/src/solution/src/targetting.cpp:13:5:[m[K [01;31m[Kerror: [m[K‘[01m[Kcurrent_angle_sub[m[K’ was not declared in this scope; did you mean ‘[01m[Kcurrent_angle[m[K’?
[7.134s]    13 |     [01;31m[Kcurrent_angle_sub[m[K = this->create_subscription<Float32Msg>(
[7.134s]       |     [01;31m[K^~~~~~~~~~~~~~~~~[m[K
[7.134s]       |     [32m[Kcurrent_angle[m[K
[7.149s] [01m[K/home/quinton/tritonrobotics/training/tr-autonomy-2-rxlc/src/solution/src/targetting.cpp:13:51:[m[K [01;31m[Kerror: [m[K‘[01m[KFloat32Msg[m[K’ was not declared in this scope
[7.150s]    13 |     current_angle_sub = this->create_subscription<[01;31m[KFloat32Msg[m[K>(
[7.150s]       |                                                   [01;31m[K^~~~~~~~~~[m[K
[7.152s] [01m[K/home/quinton/tritonrobotics/training/tr-autonomy-2-rxlc/src/solution/src/targetting.cpp:14:82:[m[K [01;31m[Kerror: [m[K‘[01m[K_1[m[K’ was not declared in this scope; did you mean ‘[01m[Kstd::placeholders::_1[m[K’?
[7.152s]    14 | nt_angle", 10, std::bind(&Targetting::currentAngleCallback, this, [01;31m[K_1[m[K));
[7.152s]       |                                                                   [01;31m[K^~[m[K
[7.152s]       |                                                                   [32m[Kstd::placeholders::_1[m[K
[7.152s] In file included from [01m[K/usr/include/c++/11/pstl/glue_algorithm_defs.h:13[m[K,
[7.153s]                  from [01m[K/usr/include/c++/11/algorithm:74[m[K,
[7.153s]                  from [01m[K/opt/ros/humble/include/rclcpp/rclcpp/executor.hpp:18[m[K,
[7.153s]                  from [01m[K/opt/ros/humble/include/rclcpp/rclcpp/executors/multi_threaded_executor.hpp:25[m[K,
[7.153s]                  from [01m[K/opt/ros/humble/include/rclcpp/rclcpp/executors.hpp:21[m[K,
[7.154s]                  from [01m[K/opt/ros/humble/include/rclcpp/rclcpp/rclcpp.hpp:155[m[K,
[7.154s]                  from [01m[K/home/quinton/tritonrobotics/training/tr-autonomy-2-rxlc/src/solution/src/targetting.h:4[m[K,
[7.154s]                  from [01m[K/home/quinton/tritonrobotics/training/tr-autonomy-2-rxlc/src/solution/src/targetting.cpp:1[m[K:
[7.154s] [01m[K/usr/include/c++/11/functional:225:34:[m[K [01;36m[Knote: [m[K‘[01m[Kstd::placeholders::_1[m[K’ declared here
[7.159s]   225 |     extern const _Placeholder<1> [01;36m[K_1[m[K;
[7.159s]       |                                  [01;36m[K^~[m[K
[7.175s] [01m[K/home/quinton/tritonrobotics/training/tr-autonomy-2-rxlc/src/solution/src/targetting.cpp:16:5:[m[K [01;31m[Kerror: [m[K‘[01m[Kdesired_angle_pub[m[K’ was not declared in this scope
[7.175s]    16 |     [01;31m[Kdesired_angle_pub[m[K = this->create_publisher<Float32Msg>(
[7.176s]       |     [01;31m[K^~~~~~~~~~~~~~~~~[m[K
[7.176s] [01m[K/home/quinton/tritonrobotics/training/tr-autonomy-2-rxlc/src/solution/src/targetting.cpp:16:59:[m[K [01;31m[Kerror: [m[Kno matching function for call to ‘[01m[KTargetting::create_publisher<Float32Msg>(const char [15], int)[m[K’
[7.176s]    16 |     desired_angle_pub = [01;31m[Kthis->create_publisher<Float32Msg>([m[K
[7.176s]       |                         [01;31m[K~~~~~~~~~~~~~~~~~~~~~~~~~~~~~~~~~~^[m[K
[7.176s]    17 | [01;31m[K        "/desired_angle", 10)[m[K;
[7.176s]       |         [01;31m[K~~~~~~~~~~~~~~~~~~~~~[m[K                              
[7.176s] In file included from [01m[K/opt/ros/humble/include/rclcpp/rclcpp/executors/single_threaded_executor.hpp:28[m[K,
[7.176s]                  from [01m[K/opt/ros/humble/include/rclcpp/rclcpp/executors.hpp:22[m[K,
[7.176s]                  from [01m[K/opt/ros/humble/include/rclcpp/rclcpp/rclcpp.hpp:155[m[K,
[7.176s]                  from [01m[K/home/quinton/tritonrobotics/training/tr-autonomy-2-rxlc/src/solution/src/targetting.h:4[m[K,
[7.176s]                  from [01m[K/home/quinton/tritonrobotics/training/tr-autonomy-2-rxlc/src/solution/src/targetting.cpp:1[m[K:
[7.177s] [01m[K/opt/ros/humble/include/rclcpp/rclcpp/node.hpp:195:3:[m[K [01;36m[Knote: [m[Kcandidate: ‘[01m[Ktemplate<class MessageT, class AllocatorT, class PublisherT> std::shared_ptr<PublisherT> rclcpp::Node::create_publisher(const string&, const rclcpp::QoS&, const rclcpp::PublisherOptionsWithAllocator<AllocatorT>&)[m[K’
[7.177s]   195 |   [01;36m[Kcreate_publisher[m[K(
[7.177s]       |   [01;36m[K^~~~~~~~~~~~~~~~[m[K
[7.177s] [01m[K/opt/ros/humble/include/rclcpp/rclcpp/node.hpp:195:3:[m[K [01;36m[Knote: [m[K  template argument deduction/substitution failed:
[7.184s] [01m[K/home/quinton/tritonrobotics/training/tr-autonomy-2-rxlc/src/solution/src/targetting.cpp:[m[K At global scope:
[7.185s] [01m[K/home/quinton/tritonrobotics/training/tr-autonomy-2-rxlc/src/solution/src/targetting.cpp:22:45:[m[K [01;31m[Kerror: [m[K‘[01m[KFloat32Msg[m[K’ does not name a type
[7.185s]    22 | void Targetting::currentAngleCallback(const [01;31m[KFloat32Msg[m[K::SharedPtr msg) {
[7.185s]       |                                             [01;31m[K^~~~~~~~~~[m[K
[7.185s] [01m[K/home/quinton/tritonrobotics/training/tr-autonomy-2-rxlc/src/solution/src/targetting.cpp:22:67:[m[K [01;31m[Kerror: [m[Kexpected unqualified-id before ‘[01m[Kmsg[m[K’
[7.185s]    22 | oid Targetting::currentAngleCallback(const Float32Msg::SharedPtr [01;31m[Kmsg[m[K) {
[7.185s]       |                                                                  [01;31m[K^~~[m[K
[7.185s] 
[7.185s] [01m[K/home/quinton/tritonrobotics/training/tr-autonomy-2-rxlc/src/solution/src/targetting.cpp:22:66:[m[K [01;31m[Kerror: [m[Kexpected ‘[01m[K)[m[K’ before ‘[01m[Kmsg[m[K’
[7.186s]    22 | oid Targetting::currentAngleCallback[34m[K([m[Kconst Float32Msg::SharedPtr[01;31m[K [m[K[32m[Kmsg[m[K) {
[7.186s]       |                                     [34m[K~[m[K                           [01;31m[K^[m[K[32m[K~~~[m[K
[7.186s]       |                                                                 [32m[K)[m[K
[7.186s] [01m[K/home/quinton/tritonrobotics/training/tr-autonomy-2-rxlc/src/solution/src/targetting.cpp:22:67:[m[K [01;31m[Kerror: [m[Kexpected initializer before ‘[01m[Kmsg[m[K’
[7.186s]    22 | oid Targetting::currentAngleCallback(const Float32Msg::SharedPtr [01;31m[Kmsg[m[K) {
[7.186s]       |                                                                  [01;31m[K^~~[m[K
[7.186s] 
[7.229s] [01m[K/home/quinton/tritonrobotics/training/tr-autonomy-2-rxlc/src/solution/src/targetting.cpp:[m[K In member function ‘[01m[Kvoid Targetting::imageCallback(sensor_msgs::msg::Image_<std::allocator<void> >::SharedPtr)[m[K’:
[7.230s] [01m[K/home/quinton/tritonrobotics/training/tr-autonomy-2-rxlc/src/solution/src/targetting.cpp:70:9:[m[K [01;31m[Kerror: [m[K‘[01m[Kdesired_angle_pub[m[K’ was not declared in this scope; did you mean ‘[01m[Kdesired_angle_msg[m[K’?
[7.230s]    70 |         [01;31m[Kdesired_angle_pub[m[K->publish(desired_angle_msg);
[7.230s]       |         [01;31m[K^~~~~~~~~~~~~~~~~[m[K
[7.230s]       |         [32m[Kdesired_angle_msg[m[K
[13.957s] gmake[2]: *** [CMakeFiles/targetting.dir/build.make:76: CMakeFiles/targetting.dir/src/targetting.cpp.o] Error 1
[13.958s] gmake[1]: *** [CMakeFiles/Makefile2:137: CMakeFiles/targetting.dir/all] Error 2
[13.958s] gmake: *** [Makefile:146: all] Error 2
[13.964s] Invoked command in '/home/quinton/tritonrobotics/training/tr-autonomy-2-rxlc/src/build/solution' returned '2': CMAKE_PREFIX_PATH=/opt/ros/humble /usr/bin/cmake --build /home/quinton/tritonrobotics/training/tr-autonomy-2-rxlc/src/build/solution -- -j4 -l4
