[0.211s] DEBUG:colcon:Command line arguments: ['/usr/bin/colcon', 'build']
[0.212s] DEBUG:colcon:Parsed command line arguments: Namespace(log_base=None, log_level=None, verb_name='build', build_base='build', install_base='install', merge_install=False, symlink_install=False, test_result_base=None, continue_on_error=False, executor='parallel', parallel_workers=4, event_handlers=None, ignore_user_meta=False, metas=['./colcon.meta'], base_paths=['.'], packages_ignore=None, packages_ignore_regex=None, paths=None, packages_up_to=None, packages_up_to_regex=None, packages_above=None, packages_above_and_dependencies=None, packages_above_depth=None, packages_select_by_dep=None, packages_skip_by_dep=None, packages_skip_up_to=None, packages_select_build_failed=False, packages_skip_build_finished=False, packages_select_test_failures=False, packages_skip_test_passed=False, packages_select=None, packages_skip=None, packages_select_regex=None, packages_skip_regex=None, packages_start=None, packages_end=None, allow_overriding=[], cmake_args=None, cmake_target=None, cmake_target_skip_unavailable=False, cmake_clean_cache=False, cmake_clean_first=False, cmake_force_configure=False, ament_cmake_args=None, catkin_cmake_args=None, catkin_skip_building_tests=False, verb_parser=<colcon_defaults.argument_parser.defaults.DefaultArgumentsDecorator object at 0x709dc5483cd0>, verb_extension=<colcon_core.verb.build.BuildVerb object at 0x709dc55c8850>, main=<bound method BuildVerb.main of <colcon_core.verb.build.BuildVerb object at 0x709dc55c8850>>)
[0.532s] Level 1:colcon.colcon_core.package_discovery:discover_packages(colcon_meta) check parameters
[0.532s] Level 1:colcon.colcon_core.package_discovery:discover_packages(recursive) check parameters
[0.532s] Level 1:colcon.colcon_core.package_discovery:discover_packages(ignore) check parameters
[0.532s] Level 1:colcon.colcon_core.package_discovery:discover_packages(path) check parameters
[0.533s] Level 1:colcon.colcon_core.package_discovery:discover_packages(colcon_meta) discover
[0.533s] Level 1:colcon.colcon_core.package_discovery:discover_packages(recursive) discover
[0.533s] INFO:colcon.colcon_core.package_discovery:Crawling recursively for packages in '/home/quinton/tritonrobotics/training/tr-autonomy-2-rxlc/src'
[0.533s] Level 1:colcon.colcon_core.package_identification:_identify(.) by extensions ['ignore', 'ignore_ament_install']
[0.533s] Level 1:colcon.colcon_core.package_identification:_identify(.) by extension 'ignore'
[0.533s] Level 1:colcon.colcon_core.package_identification:_identify(.) by extension 'ignore_ament_install'
[0.533s] Level 1:colcon.colcon_core.package_identification:_identify(.) by extensions ['colcon_pkg']
[0.533s] Level 1:colcon.colcon_core.package_identification:_identify(.) by extension 'colcon_pkg'
[0.533s] Level 1:colcon.colcon_core.package_identification:_identify(.) by extensions ['colcon_meta']
[0.534s] Level 1:colcon.colcon_core.package_identification:_identify(.) by extension 'colcon_meta'
[0.534s] Level 1:colcon.colcon_core.package_identification:_identify(.) by extensions ['ros']
[0.534s] Level 1:colcon.colcon_core.package_identification:_identify(.) by extension 'ros'
[0.558s] Level 1:colcon.colcon_core.package_identification:_identify(.) by extensions ['cmake', 'python']
[0.559s] Level 1:colcon.colcon_core.package_identification:_identify(.) by extension 'cmake'
[0.559s] Level 1:colcon.colcon_core.package_identification:_identify(.) by extension 'python'
[0.559s] Level 1:colcon.colcon_core.package_identification:_identify(.) by extensions ['python_setup_py']
[0.559s] Level 1:colcon.colcon_core.package_identification:_identify(.) by extension 'python_setup_py'
[0.559s] Level 1:colcon.colcon_core.package_identification:_identify(build) by extensions ['ignore', 'ignore_ament_install']
[0.559s] Level 1:colcon.colcon_core.package_identification:_identify(build) by extension 'ignore'
[0.559s] Level 1:colcon.colcon_core.package_identification:_identify(build) ignored
[0.560s] Level 1:colcon.colcon_core.package_identification:_identify(install) by extensions ['ignore', 'ignore_ament_install']
[0.560s] Level 1:colcon.colcon_core.package_identification:_identify(install) by extension 'ignore'
[0.560s] Level 1:colcon.colcon_core.package_identification:_identify(install) ignored
[0.560s] Level 1:colcon.colcon_core.package_identification:_identify(log) by extensions ['ignore', 'ignore_ament_install']
[0.560s] Level 1:colcon.colcon_core.package_identification:_identify(log) by extension 'ignore'
[0.561s] Level 1:colcon.colcon_core.package_identification:_identify(log) ignored
[0.561s] Level 1:colcon.colcon_core.package_identification:_identify(solution) by extensions ['ignore', 'ignore_ament_install']
[0.561s] Level 1:colcon.colcon_core.package_identification:_identify(solution) by extension 'ignore'
[0.561s] Level 1:colcon.colcon_core.package_identification:_identify(solution) by extension 'ignore_ament_install'
[0.561s] Level 1:colcon.colcon_core.package_identification:_identify(solution) by extensions ['colcon_pkg']
[0.561s] Level 1:colcon.colcon_core.package_identification:_identify(solution) by extension 'colcon_pkg'
[0.561s] Level 1:colcon.colcon_core.package_identification:_identify(solution) by extensions ['colcon_meta']
[0.561s] Level 1:colcon.colcon_core.package_identification:_identify(solution) by extension 'colcon_meta'
[0.562s] Level 1:colcon.colcon_core.package_identification:_identify(solution) by extensions ['ros']
[0.562s] Level 1:colcon.colcon_core.package_identification:_identify(solution) by extension 'ros'
[0.566s] DEBUG:colcon.colcon_core.package_identification:Package 'solution' with type 'ros.ament_cmake' and name 'solution'
[0.567s] Level 1:colcon.colcon_core.package_identification:_identify(spinnyrobot) by extensions ['ignore', 'ignore_ament_install']
[0.567s] Level 1:colcon.colcon_core.package_identification:_identify(spinnyrobot) by extension 'ignore'
[0.567s] Level 1:colcon.colcon_core.package_identification:_identify(spinnyrobot) by extension 'ignore_ament_install'
[0.567s] Level 1:colcon.colcon_core.package_identification:_identify(spinnyrobot) by extensions ['colcon_pkg']
[0.567s] Level 1:colcon.colcon_core.package_identification:_identify(spinnyrobot) by extension 'colcon_pkg'
[0.567s] Level 1:colcon.colcon_core.package_identification:_identify(spinnyrobot) by extensions ['colcon_meta']
[0.567s] Level 1:colcon.colcon_core.package_identification:_identify(spinnyrobot) by extension 'colcon_meta'
[0.567s] Level 1:colcon.colcon_core.package_identification:_identify(spinnyrobot) by extensions ['ros']
[0.567s] Level 1:colcon.colcon_core.package_identification:_identify(spinnyrobot) by extension 'ros'
[0.569s] DEBUG:colcon.colcon_core.package_identification:Package 'spinnyrobot' with type 'ros.ament_python' and name 'spinnyrobot'
[0.569s] Level 1:colcon.colcon_core.package_discovery:discover_packages(recursive) using defaults
[0.569s] Level 1:colcon.colcon_core.package_discovery:discover_packages(ignore) discover
[0.569s] Level 1:colcon.colcon_core.package_discovery:discover_packages(ignore) using defaults
[0.569s] Level 1:colcon.colcon_core.package_discovery:discover_packages(path) discover
[0.569s] Level 1:colcon.colcon_core.package_discovery:discover_packages(path) using defaults
[0.609s] Level 1:colcon.colcon_core.package_discovery:discover_packages(prefix_path) check parameters
[0.609s] Level 1:colcon.colcon_core.package_discovery:discover_packages(prefix_path) discover
[0.615s] DEBUG:colcon.colcon_installed_package_information.package_discovery:Found 270 installed packages in /opt/ros/humble
[0.618s] Level 1:colcon.colcon_core.package_discovery:discover_packages(prefix_path) using defaults
[0.711s] Level 5:colcon.colcon_core.verb:set package 'solution' build argument 'cmake_args' from command line to 'None'
[0.711s] Level 5:colcon.colcon_core.verb:set package 'solution' build argument 'cmake_target' from command line to 'None'
[0.711s] Level 5:colcon.colcon_core.verb:set package 'solution' build argument 'cmake_target_skip_unavailable' from command line to 'False'
[0.711s] Level 5:colcon.colcon_core.verb:set package 'solution' build argument 'cmake_clean_cache' from command line to 'False'
[0.711s] Level 5:colcon.colcon_core.verb:set package 'solution' build argument 'cmake_clean_first' from command line to 'False'
[0.711s] Level 5:colcon.colcon_core.verb:set package 'solution' build argument 'cmake_force_configure' from command line to 'False'
[0.711s] Level 5:colcon.colcon_core.verb:set package 'solution' build argument 'ament_cmake_args' from command line to 'None'
[0.711s] Level 5:colcon.colcon_core.verb:set package 'solution' build argument 'catkin_cmake_args' from command line to 'None'
[0.711s] Level 5:colcon.colcon_core.verb:set package 'solution' build argument 'catkin_skip_building_tests' from command line to 'False'
[0.712s] DEBUG:colcon.colcon_core.verb:Building package 'solution' with the following arguments: {'ament_cmake_args': None, 'build_base': '/home/quinton/tritonrobotics/training/tr-autonomy-2-rxlc/src/build/solution', 'catkin_cmake_args': None, 'catkin_skip_building_tests': False, 'cmake_args': None, 'cmake_clean_cache': False, 'cmake_clean_first': False, 'cmake_force_configure': False, 'cmake_target': None, 'cmake_target_skip_unavailable': False, 'install_base': '/home/quinton/tritonrobotics/training/tr-autonomy-2-rxlc/src/install/solution', 'merge_install': False, 'path': '/home/quinton/tritonrobotics/training/tr-autonomy-2-rxlc/src/solution', 'symlink_install': False, 'test_result_base': None}
[0.712s] Level 5:colcon.colcon_core.verb:set package 'spinnyrobot' build argument 'cmake_args' from command line to 'None'
[0.712s] Level 5:colcon.colcon_core.verb:set package 'spinnyrobot' build argument 'cmake_target' from command line to 'None'
[0.712s] Level 5:colcon.colcon_core.verb:set package 'spinnyrobot' build argument 'cmake_target_skip_unavailable' from command line to 'False'
[0.712s] Level 5:colcon.colcon_core.verb:set package 'spinnyrobot' build argument 'cmake_clean_cache' from command line to 'False'
[0.713s] Level 5:colcon.colcon_core.verb:set package 'spinnyrobot' build argument 'cmake_clean_first' from command line to 'False'
[0.713s] Level 5:colcon.colcon_core.verb:set package 'spinnyrobot' build argument 'cmake_force_configure' from command line to 'False'
[0.713s] Level 5:colcon.colcon_core.verb:set package 'spinnyrobot' build argument 'ament_cmake_args' from command line to 'None'
[0.713s] Level 5:colcon.colcon_core.verb:set package 'spinnyrobot' build argument 'catkin_cmake_args' from command line to 'None'
[0.713s] Level 5:colcon.colcon_core.verb:set package 'spinnyrobot' build argument 'catkin_skip_building_tests' from command line to 'False'
[0.713s] DEBUG:colcon.colcon_core.verb:Building package 'spinnyrobot' with the following arguments: {'ament_cmake_args': None, 'build_base': '/home/quinton/tritonrobotics/training/tr-autonomy-2-rxlc/src/build/spinnyrobot', 'catkin_cmake_args': None, 'catkin_skip_building_tests': False, 'cmake_args': None, 'cmake_clean_cache': False, 'cmake_clean_first': False, 'cmake_force_configure': False, 'cmake_target': None, 'cmake_target_skip_unavailable': False, 'install_base': '/home/quinton/tritonrobotics/training/tr-autonomy-2-rxlc/src/install/spinnyrobot', 'merge_install': False, 'path': '/home/quinton/tritonrobotics/training/tr-autonomy-2-rxlc/src/spinnyrobot', 'symlink_install': False, 'test_result_base': None}
[0.713s] INFO:colcon.colcon_core.executor:Executing jobs using 'parallel' executor
[0.716s] DEBUG:colcon.colcon_parallel_executor.executor.parallel:run_until_complete
[0.716s] INFO:colcon.colcon_ros.task.ament_cmake.build:Building ROS package in '/home/quinton/tritonrobotics/training/tr-autonomy-2-rxlc/src/solution' with build type 'ament_cmake'
[0.717s] INFO:colcon.colcon_cmake.task.cmake.build:Building CMake package in '/home/quinton/tritonrobotics/training/tr-autonomy-2-rxlc/src/solution'
[0.720s] INFO:colcon.colcon_core.plugin_system:Skipping extension 'colcon_core.shell.bat': Not used on non-Windows systems
[0.721s] INFO:colcon.colcon_core.shell:Skip shell extension 'powershell' for command environment: Not usable outside of PowerShell
[0.721s] DEBUG:colcon.colcon_core.shell:Skip shell extension 'dsv' for command environment
[0.728s] INFO:colcon.colcon_ros.task.ament_python.build:Building ROS package in '/home/quinton/tritonrobotics/training/tr-autonomy-2-rxlc/src/spinnyrobot' with build type 'ament_python'
[0.729s] Level 1:colcon.colcon_core.shell:create_environment_hook('spinnyrobot', 'ament_prefix_path')
[0.729s] INFO:colcon.colcon_core.shell:Creating environment hook '/home/quinton/tritonrobotics/training/tr-autonomy-2-rxlc/src/install/spinnyrobot/share/spinnyrobot/hook/ament_prefix_path.ps1'
[0.732s] INFO:colcon.colcon_core.shell:Creating environment descriptor '/home/quinton/tritonrobotics/training/tr-autonomy-2-rxlc/src/install/spinnyrobot/share/spinnyrobot/hook/ament_prefix_path.dsv'
[0.733s] INFO:colcon.colcon_core.shell:Creating environment hook '/home/quinton/tritonrobotics/training/tr-autonomy-2-rxlc/src/install/spinnyrobot/share/spinnyrobot/hook/ament_prefix_path.sh'
[0.735s] INFO:colcon.colcon_core.shell:Skip shell extension 'powershell' for command environment: Not usable outside of PowerShell
[0.736s] DEBUG:colcon.colcon_core.shell:Skip shell extension 'dsv' for command environment
[0.751s] DEBUG:colcon.colcon_core.event_handler.log_command:Invoking command in '/home/quinton/tritonrobotics/training/tr-autonomy-2-rxlc/src/build/solution': CMAKE_PREFIX_PATH=/opt/ros/humble /usr/bin/cmake --build /home/quinton/tritonrobotics/training/tr-autonomy-2-rxlc/src/build/solution -- -j4 -l4
[1.357s] INFO:colcon.colcon_core.task.python.build:Building Python package in '/home/quinton/tritonrobotics/training/tr-autonomy-2-rxlc/src/spinnyrobot'
[1.358s] INFO:colcon.colcon_core.shell:Skip shell extension 'powershell' for command environment: Not usable outside of PowerShell
[1.358s] DEBUG:colcon.colcon_core.shell:Skip shell extension 'dsv' for command environment
[2.205s] DEBUG:colcon.colcon_core.event_handler.log_command:Invoking command in '/home/quinton/tritonrobotics/training/tr-autonomy-2-rxlc/src/spinnyrobot': PYTHONPATH=/home/quinton/tritonrobotics/training/tr-autonomy-2-rxlc/src/build/spinnyrobot/prefix_override:/usr/lib/python3/dist-packages/colcon_core/task/python/colcon_distutils_commands:/home/quinton/tritonrobotics/training/tr-autonomy-2-rxlc/src/install/spinnyrobot/lib/python3.10/site-packages:${PYTHONPATH} /usr/bin/python3 -W ignore:setup.py install is deprecated setup.py egg_info --egg-base ../build/spinnyrobot build --build-base /home/quinton/tritonrobotics/training/tr-autonomy-2-rxlc/src/build/spinnyrobot/build install --record /home/quinton/tritonrobotics/training/tr-autonomy-2-rxlc/src/build/spinnyrobot/install.log --single-version-externally-managed install_data
[2.883s] DEBUG:colcon.colcon_core.event_handler.log_command:Invoked command in '/home/quinton/tritonrobotics/training/tr-autonomy-2-rxlc/src/spinnyrobot' returned '0': PYTHONPATH=/home/quinton/tritonrobotics/training/tr-autonomy-2-rxlc/src/build/spinnyrobot/prefix_override:/usr/lib/python3/dist-packages/colcon_core/task/python/colcon_distutils_commands:/home/quinton/tritonrobotics/training/tr-autonomy-2-rxlc/src/install/spinnyrobot/lib/python3.10/site-packages:${PYTHONPATH} /usr/bin/python3 -W ignore:setup.py install is deprecated setup.py egg_info --egg-base ../build/spinnyrobot build --build-base /home/quinton/tritonrobotics/training/tr-autonomy-2-rxlc/src/build/spinnyrobot/build install --record /home/quinton/tritonrobotics/training/tr-autonomy-2-rxlc/src/build/spinnyrobot/install.log --single-version-externally-managed install_data
[2.894s] Level 1:colcon.colcon_core.environment:checking '/home/quinton/tritonrobotics/training/tr-autonomy-2-rxlc/src/install/spinnyrobot' for CMake module files
[2.896s] Level 1:colcon.colcon_core.environment:checking '/home/quinton/tritonrobotics/training/tr-autonomy-2-rxlc/src/install/spinnyrobot' for CMake config files
[2.897s] Level 1:colcon.colcon_core.environment:checking '/home/quinton/tritonrobotics/training/tr-autonomy-2-rxlc/src/install/spinnyrobot/lib'
[2.898s] Level 1:colcon.colcon_core.environment:checking '/home/quinton/tritonrobotics/training/tr-autonomy-2-rxlc/src/install/spinnyrobot/bin'
[2.898s] Level 1:colcon.colcon_core.environment:checking '/home/quinton/tritonrobotics/training/tr-autonomy-2-rxlc/src/install/spinnyrobot/lib/pkgconfig/spinnyrobot.pc'
[2.899s] Level 1:colcon.colcon_core.environment:checking '/home/quinton/tritonrobotics/training/tr-autonomy-2-rxlc/src/install/spinnyrobot/lib/python3.10/site-packages'
[2.899s] Level 1:colcon.colcon_core.shell:create_environment_hook('spinnyrobot', 'pythonpath')
[2.899s] INFO:colcon.colcon_core.shell:Creating environment hook '/home/quinton/tritonrobotics/training/tr-autonomy-2-rxlc/src/install/spinnyrobot/share/spinnyrobot/hook/pythonpath.ps1'
[2.901s] INFO:colcon.colcon_core.shell:Creating environment descriptor '/home/quinton/tritonrobotics/training/tr-autonomy-2-rxlc/src/install/spinnyrobot/share/spinnyrobot/hook/pythonpath.dsv'
[2.902s] INFO:colcon.colcon_core.shell:Creating environment hook '/home/quinton/tritonrobotics/training/tr-autonomy-2-rxlc/src/install/spinnyrobot/share/spinnyrobot/hook/pythonpath.sh'
[2.905s] Level 1:colcon.colcon_core.environment:checking '/home/quinton/tritonrobotics/training/tr-autonomy-2-rxlc/src/install/spinnyrobot/bin'
[2.905s] Level 1:colcon.colcon_core.environment:create_environment_scripts_only(spinnyrobot)
[2.906s] INFO:colcon.colcon_core.shell:Creating package script '/home/quinton/tritonrobotics/training/tr-autonomy-2-rxlc/src/install/spinnyrobot/share/spinnyrobot/package.ps1'
[2.909s] INFO:colcon.colcon_core.shell:Creating package descriptor '/home/quinton/tritonrobotics/training/tr-autonomy-2-rxlc/src/install/spinnyrobot/share/spinnyrobot/package.dsv'
[2.910s] INFO:colcon.colcon_core.shell:Creating package script '/home/quinton/tritonrobotics/training/tr-autonomy-2-rxlc/src/install/spinnyrobot/share/spinnyrobot/package.sh'
[2.912s] INFO:colcon.colcon_core.shell:Creating package script '/home/quinton/tritonrobotics/training/tr-autonomy-2-rxlc/src/install/spinnyrobot/share/spinnyrobot/package.bash'
[2.915s] INFO:colcon.colcon_core.shell:Creating package script '/home/quinton/tritonrobotics/training/tr-autonomy-2-rxlc/src/install/spinnyrobot/share/spinnyrobot/package.zsh'
[2.918s] Level 1:colcon.colcon_core.environment:create_file_with_runtime_dependencies(/home/quinton/tritonrobotics/training/tr-autonomy-2-rxlc/src/install/spinnyrobot/share/colcon-core/packages/spinnyrobot)
[31.832s] DEBUG:colcon.colcon_core.event_handler.log_command:Invoked command in '/home/quinton/tritonrobotics/training/tr-autonomy-2-rxlc/src/build/solution' returned '0': CMAKE_PREFIX_PATH=/opt/ros/humble /usr/bin/cmake --build /home/quinton/tritonrobotics/training/tr-autonomy-2-rxlc/src/build/solution -- -j4 -l4
[31.947s] DEBUG:colcon.colcon_core.event_handler.log_command:Invoking command in '/home/quinton/tritonrobotics/training/tr-autonomy-2-rxlc/src/build/solution': CMAKE_PREFIX_PATH=/opt/ros/humble /usr/bin/cmake --install /home/quinton/tritonrobotics/training/tr-autonomy-2-rxlc/src/build/solution
[31.983s] Level 1:colcon.colcon_core.environment:create_environment_scripts_only(solution)
[31.983s] Level 1:colcon.colcon_core.environment:checking '/home/quinton/tritonrobotics/training/tr-autonomy-2-rxlc/src/install/solution' for CMake module files
[31.984s] DEBUG:colcon.colcon_core.event_handler.log_command:Invoked command in '/home/quinton/tritonrobotics/training/tr-autonomy-2-rxlc/src/build/solution' returned '0': CMAKE_PREFIX_PATH=/opt/ros/humble /usr/bin/cmake --install /home/quinton/tritonrobotics/training/tr-autonomy-2-rxlc/src/build/solution
[31.985s] Level 1:colcon.colcon_core.environment:checking '/home/quinton/tritonrobotics/training/tr-autonomy-2-rxlc/src/install/solution' for CMake config files
[31.986s] Level 1:colcon.colcon_core.shell:create_environment_hook('solution', 'cmake_prefix_path')
[31.986s] INFO:colcon.colcon_core.shell:Creating environment hook '/home/quinton/tritonrobotics/training/tr-autonomy-2-rxlc/src/install/solution/share/solution/hook/cmake_prefix_path.ps1'
[31.987s] INFO:colcon.colcon_core.shell:Creating environment descriptor '/home/quinton/tritonrobotics/training/tr-autonomy-2-rxlc/src/install/solution/share/solution/hook/cmake_prefix_path.dsv'
[31.988s] INFO:colcon.colcon_core.shell:Creating environment hook '/home/quinton/tritonrobotics/training/tr-autonomy-2-rxlc/src/install/solution/share/solution/hook/cmake_prefix_path.sh'
[31.989s] Level 1:colcon.colcon_core.environment:checking '/home/quinton/tritonrobotics/training/tr-autonomy-2-rxlc/src/install/solution/lib'
[31.989s] Level 1:colcon.colcon_core.environment:checking '/home/quinton/tritonrobotics/training/tr-autonomy-2-rxlc/src/install/solution/bin'
[31.989s] Level 1:colcon.colcon_core.environment:checking '/home/quinton/tritonrobotics/training/tr-autonomy-2-rxlc/src/install/solution/lib/pkgconfig/solution.pc'
[31.990s] Level 1:colcon.colcon_core.environment:checking '/home/quinton/tritonrobotics/training/tr-autonomy-2-rxlc/src/install/solution/lib/python3.10/site-packages'
[31.990s] Level 1:colcon.colcon_core.environment:checking '/home/quinton/tritonrobotics/training/tr-autonomy-2-rxlc/src/install/solution/bin'
[31.991s] INFO:colcon.colcon_core.shell:Creating package script '/home/quinton/tritonrobotics/training/tr-autonomy-2-rxlc/src/install/solution/share/solution/package.ps1'
[31.992s] INFO:colcon.colcon_core.shell:Creating package descriptor '/home/quinton/tritonrobotics/training/tr-autonomy-2-rxlc/src/install/solution/share/solution/package.dsv'
[31.994s] INFO:colcon.colcon_core.shell:Creating package script '/home/quinton/tritonrobotics/training/tr-autonomy-2-rxlc/src/install/solution/share/solution/package.sh'
[31.995s] INFO:colcon.colcon_core.shell:Creating package script '/home/quinton/tritonrobotics/training/tr-autonomy-2-rxlc/src/install/solution/share/solution/package.bash'
[31.995s] INFO:colcon.colcon_core.shell:Creating package script '/home/quinton/tritonrobotics/training/tr-autonomy-2-rxlc/src/install/solution/share/solution/package.zsh'
[31.996s] Level 1:colcon.colcon_core.environment:create_file_with_runtime_dependencies(/home/quinton/tritonrobotics/training/tr-autonomy-2-rxlc/src/install/solution/share/colcon-core/packages/solution)
[32.093s] Level 1:colcon.colcon_core.environment:create_environment_scripts_only(solution)
[32.093s] Level 1:colcon.colcon_core.environment:checking '/home/quinton/tritonrobotics/training/tr-autonomy-2-rxlc/src/install/solution' for CMake module files
[32.095s] Level 1:colcon.colcon_core.environment:checking '/home/quinton/tritonrobotics/training/tr-autonomy-2-rxlc/src/install/solution' for CMake config files
[32.096s] Level 1:colcon.colcon_core.shell:create_environment_hook('solution', 'cmake_prefix_path')
[32.096s] INFO:colcon.colcon_core.shell:Creating environment hook '/home/quinton/tritonrobotics/training/tr-autonomy-2-rxlc/src/install/solution/share/solution/hook/cmake_prefix_path.ps1'
[32.097s] INFO:colcon.colcon_core.shell:Creating environment descriptor '/home/quinton/tritonrobotics/training/tr-autonomy-2-rxlc/src/install/solution/share/solution/hook/cmake_prefix_path.dsv'
[32.098s] INFO:colcon.colcon_core.shell:Creating environment hook '/home/quinton/tritonrobotics/training/tr-autonomy-2-rxlc/src/install/solution/share/solution/hook/cmake_prefix_path.sh'
[32.099s] Level 1:colcon.colcon_core.environment:checking '/home/quinton/tritonrobotics/training/tr-autonomy-2-rxlc/src/install/solution/lib'
[32.099s] Level 1:colcon.colcon_core.environment:checking '/home/quinton/tritonrobotics/training/tr-autonomy-2-rxlc/src/install/solution/bin'
[32.099s] Level 1:colcon.colcon_core.environment:checking '/home/quinton/tritonrobotics/training/tr-autonomy-2-rxlc/src/install/solution/lib/pkgconfig/solution.pc'
[32.100s] Level 1:colcon.colcon_core.environment:checking '/home/quinton/tritonrobotics/training/tr-autonomy-2-rxlc/src/install/solution/lib/python3.10/site-packages'
[32.100s] Level 1:colcon.colcon_core.environment:checking '/home/quinton/tritonrobotics/training/tr-autonomy-2-rxlc/src/install/solution/bin'
[32.101s] INFO:colcon.colcon_core.shell:Creating package script '/home/quinton/tritonrobotics/training/tr-autonomy-2-rxlc/src/install/solution/share/solution/package.ps1'
[32.102s] INFO:colcon.colcon_core.shell:Creating package descriptor '/home/quinton/tritonrobotics/training/tr-autonomy-2-rxlc/src/install/solution/share/solution/package.dsv'
[32.103s] INFO:colcon.colcon_core.shell:Creating package script '/home/quinton/tritonrobotics/training/tr-autonomy-2-rxlc/src/install/solution/share/solution/package.sh'
[32.104s] INFO:colcon.colcon_core.shell:Creating package script '/home/quinton/tritonrobotics/training/tr-autonomy-2-rxlc/src/install/solution/share/solution/package.bash'
[32.105s] INFO:colcon.colcon_core.shell:Creating package script '/home/quinton/tritonrobotics/training/tr-autonomy-2-rxlc/src/install/solution/share/solution/package.zsh'
[32.105s] Level 1:colcon.colcon_core.environment:create_file_with_runtime_dependencies(/home/quinton/tritonrobotics/training/tr-autonomy-2-rxlc/src/install/solution/share/colcon-core/packages/solution)
[32.106s] DEBUG:colcon.colcon_parallel_executor.executor.parallel:closing loop
[32.106s] DEBUG:colcon.colcon_parallel_executor.executor.parallel:loop closed
[32.107s] DEBUG:colcon.colcon_parallel_executor.executor.parallel:run_until_complete finished with '0'
[32.107s] DEBUG:colcon.colcon_core.event_reactor:joining thread
[32.122s] INFO:colcon.colcon_core.plugin_system:Skipping extension 'colcon_notification.desktop_notification.terminal_notifier': Not used on non-Darwin systems
[32.123s] INFO:colcon.colcon_core.plugin_system:Skipping extension 'colcon_notification.desktop_notification.win32': Not used on non-Windows systems
[32.123s] INFO:colcon.colcon_notification.desktop_notification:Sending desktop notification using 'notify2'
[32.161s] DEBUG:colcon.colcon_core.event_reactor:joined thread
[32.162s] INFO:colcon.colcon_core.shell:Creating prefix script '/home/quinton/tritonrobotics/training/tr-autonomy-2-rxlc/src/install/local_setup.ps1'
[32.165s] INFO:colcon.colcon_core.shell:Creating prefix util module '/home/quinton/tritonrobotics/training/tr-autonomy-2-rxlc/src/install/_local_setup_util_ps1.py'
[32.167s] INFO:colcon.colcon_core.shell:Creating prefix chain script '/home/quinton/tritonrobotics/training/tr-autonomy-2-rxlc/src/install/setup.ps1'
[32.169s] INFO:colcon.colcon_core.shell:Creating prefix script '/home/quinton/tritonrobotics/training/tr-autonomy-2-rxlc/src/install/local_setup.sh'
[32.170s] INFO:colcon.colcon_core.shell:Creating prefix util module '/home/quinton/tritonrobotics/training/tr-autonomy-2-rxlc/src/install/_local_setup_util_sh.py'
[32.172s] INFO:colcon.colcon_core.shell:Creating prefix chain script '/home/quinton/tritonrobotics/training/tr-autonomy-2-rxlc/src/install/setup.sh'
[32.175s] INFO:colcon.colcon_core.shell:Creating prefix script '/home/quinton/tritonrobotics/training/tr-autonomy-2-rxlc/src/install/local_setup.bash'
[32.177s] INFO:colcon.colcon_core.shell:Creating prefix chain script '/home/quinton/tritonrobotics/training/tr-autonomy-2-rxlc/src/install/setup.bash'
[32.178s] INFO:colcon.colcon_core.shell:Creating prefix script '/home/quinton/tritonrobotics/training/tr-autonomy-2-rxlc/src/install/local_setup.zsh'
[32.180s] INFO:colcon.colcon_core.shell:Creating prefix chain script '/home/quinton/tritonrobotics/training/tr-autonomy-2-rxlc/src/install/setup.zsh'
