[1.243s] Invoking command in '/home/quinton/tritonrobotics/training/tr-autonomy-2-rxlc/src/spinnyrobot': PYTHONPATH=/home/quinton/tritonrobotics/training/tr-autonomy-2-rxlc/src/build/spinnyrobot/prefix_override:/usr/lib/python3/dist-packages/colcon_core/task/python/colcon_distutils_commands:/home/quinton/tritonrobotics/training/tr-autonomy-2-rxlc/src/install/spinnyrobot/lib/python3.10/site-packages:${PYTHONPATH} /usr/bin/python3 -W ignore:setup.py install is deprecated setup.py egg_info --egg-base ../build/spinnyrobot build --build-base /home/quinton/tritonrobotics/training/tr-autonomy-2-rxlc/src/build/spinnyrobot/build install --record /home/quinton/tritonrobotics/training/tr-autonomy-2-rxlc/src/build/spinnyrobot/install.log --single-version-externally-managed install_data
[1.718s] running egg_info
[1.719s] writing ../build/spinnyrobot/spinnyrobot.egg-info/PKG-INFO
[1.719s] writing dependency_links to ../build/spinnyrobot/spinnyrobot.egg-info/dependency_links.txt
[1.719s] writing entry points to ../build/spinnyrobot/spinnyrobot.egg-info/entry_points.txt
[1.721s] writing requirements to ../build/spinnyrobot/spinnyrobot.egg-info/requires.txt
[1.722s] writing top-level names to ../build/spinnyrobot/spinnyrobot.egg-info/top_level.txt
[1.725s] reading manifest file '../build/spinnyrobot/spinnyrobot.egg-info/SOURCES.txt'
[1.728s] writing manifest file '../build/spinnyrobot/spinnyrobot.egg-info/SOURCES.txt'
[1.728s] running build
[1.728s] running build_py
[1.732s] running install
[1.732s] running install_lib
[1.734s] running install_data
[1.734s] running install_egg_info
[1.738s] removing '/home/quinton/tritonrobotics/training/tr-autonomy-2-rxlc/src/install/spinnyrobot/lib/python3.10/site-packages/spinnyrobot-0.0.0-py3.10.egg-info' (and everything under it)
[1.738s] Copying ../build/spinnyrobot/spinnyrobot.egg-info to /home/quinton/tritonrobotics/training/tr-autonomy-2-rxlc/src/install/spinnyrobot/lib/python3.10/site-packages/spinnyrobot-0.0.0-py3.10.egg-info
[1.740s] running install_scripts
[1.781s] Installing spinnyrobot script to /home/quinton/tritonrobotics/training/tr-autonomy-2-rxlc/src/install/spinnyrobot/lib/spinnyrobot
[1.784s] writing list of installed files to '/home/quinton/tritonrobotics/training/tr-autonomy-2-rxlc/src/build/spinnyrobot/install.log'
[1.836s] Invoked command in '/home/quinton/tritonrobotics/training/tr-autonomy-2-rxlc/src/spinnyrobot' returned '0': PYTHONPATH=/home/quinton/tritonrobotics/training/tr-autonomy-2-rxlc/src/build/spinnyrobot/prefix_override:/usr/lib/python3/dist-packages/colcon_core/task/python/colcon_distutils_commands:/home/quinton/tritonrobotics/training/tr-autonomy-2-rxlc/src/install/spinnyrobot/lib/python3.10/site-packages:${PYTHONPATH} /usr/bin/python3 -W ignore:setup.py install is deprecated setup.py egg_info --egg-base ../build/spinnyrobot build --build-base /home/quinton/tritonrobotics/training/tr-autonomy-2-rxlc/src/build/spinnyrobot/build install --record /home/quinton/tritonrobotics/training/tr-autonomy-2-rxlc/src/build/spinnyrobot/install.log --single-version-externally-managed install_data
