[0.192s] DEBUG:colcon:Command line arguments: ['/usr/bin/colcon', 'build']
[0.192s] DEBUG:colcon:Parsed command line arguments: Namespace(log_base=None, log_level=None, verb_name='build', build_base='build', install_base='install', merge_install=False, symlink_install=False, test_result_base=None, continue_on_error=False, executor='parallel', parallel_workers=4, event_handlers=None, ignore_user_meta=False, metas=['./colcon.meta'], base_paths=['.'], packages_ignore=None, packages_ignore_regex=None, paths=None, packages_up_to=None, packages_up_to_regex=None, packages_above=None, packages_above_and_dependencies=None, packages_above_depth=None, packages_select_by_dep=None, packages_skip_by_dep=None, packages_skip_up_to=None, packages_select_build_failed=False, packages_skip_build_finished=False, packages_select_test_failures=False, packages_skip_test_passed=False, packages_select=None, packages_skip=None, packages_select_regex=None, packages_skip_regex=None, packages_start=None, packages_end=None, allow_overriding=[], cmake_args=None, cmake_target=None, cmake_target_skip_unavailable=False, cmake_clean_cache=False, cmake_clean_first=False, cmake_force_configure=False, ament_cmake_args=None, catkin_cmake_args=None, catkin_skip_building_tests=False, verb_parser=<colcon_defaults.argument_parser.defaults.DefaultArgumentsDecorator object at 0x79b819a83cd0>, verb_extension=<colcon_core.verb.build.BuildVerb object at 0x79b819bc8850>, main=<bound method BuildVerb.main of <colcon_core.verb.build.BuildVerb object at 0x79b819bc8850>>)
[0.491s] Level 1:colcon.colcon_core.package_discovery:discover_packages(colcon_meta) check parameters
[0.492s] Level 1:colcon.colcon_core.package_discovery:discover_packages(recursive) check parameters
[0.492s] Level 1:colcon.colcon_core.package_discovery:discover_packages(ignore) check parameters
[0.492s] Level 1:colcon.colcon_core.package_discovery:discover_packages(path) check parameters
[0.492s] Level 1:colcon.colcon_core.package_discovery:discover_packages(colcon_meta) discover
[0.492s] Level 1:colcon.colcon_core.package_discovery:discover_packages(recursive) discover
[0.492s] INFO:colcon.colcon_core.package_discovery:Crawling recursively for packages in '/home/quinton/tritonrobotics/training/tr-autonomy-2-rxlc/src'
[0.492s] Level 1:colcon.colcon_core.package_identification:_identify(.) by extensions ['ignore', 'ignore_ament_install']
[0.492s] Level 1:colcon.colcon_core.package_identification:_identify(.) by extension 'ignore'
[0.493s] Level 1:colcon.colcon_core.package_identification:_identify(.) by extension 'ignore_ament_install'
[0.493s] Level 1:colcon.colcon_core.package_identification:_identify(.) by extensions ['colcon_pkg']
[0.493s] Level 1:colcon.colcon_core.package_identification:_identify(.) by extension 'colcon_pkg'
[0.493s] Level 1:colcon.colcon_core.package_identification:_identify(.) by extensions ['colcon_meta']
[0.493s] Level 1:colcon.colcon_core.package_identification:_identify(.) by extension 'colcon_meta'
[0.493s] Level 1:colcon.colcon_core.package_identification:_identify(.) by extensions ['ros']
[0.493s] Level 1:colcon.colcon_core.package_identification:_identify(.) by extension 'ros'
[0.517s] Level 1:colcon.colcon_core.package_identification:_identify(.) by extensions ['cmake', 'python']
[0.517s] Level 1:colcon.colcon_core.package_identification:_identify(.) by extension 'cmake'
[0.517s] Level 1:colcon.colcon_core.package_identification:_identify(.) by extension 'python'
[0.517s] Level 1:colcon.colcon_core.package_identification:_identify(.) by extensions ['python_setup_py']
[0.517s] Level 1:colcon.colcon_core.package_identification:_identify(.) by extension 'python_setup_py'
[0.517s] Level 1:colcon.colcon_core.package_identification:_identify(build) by extensions ['ignore', 'ignore_ament_install']
[0.518s] Level 1:colcon.colcon_core.package_identification:_identify(build) by extension 'ignore'
[0.518s] Level 1:colcon.colcon_core.package_identification:_identify(build) ignored
[0.518s] Level 1:colcon.colcon_core.package_identification:_identify(install) by extensions ['ignore', 'ignore_ament_install']
[0.518s] Level 1:colcon.colcon_core.package_identification:_identify(install) by extension 'ignore'
[0.518s] Level 1:colcon.colcon_core.package_identification:_identify(install) ignored
[0.518s] Level 1:colcon.colcon_core.package_identification:_identify(log) by extensions ['ignore', 'ignore_ament_install']
[0.518s] Level 1:colcon.colcon_core.package_identification:_identify(log) by extension 'ignore'
[0.518s] Level 1:colcon.colcon_core.package_identification:_identify(log) ignored
[0.519s] Level 1:colcon.colcon_core.package_identification:_identify(solution) by extensions ['ignore', 'ignore_ament_install']
[0.519s] Level 1:colcon.colcon_core.package_identification:_identify(solution) by extension 'ignore'
[0.519s] Level 1:colcon.colcon_core.package_identification:_identify(solution) by extension 'ignore_ament_install'
[0.519s] Level 1:colcon.colcon_core.package_identification:_identify(solution) by extensions ['colcon_pkg']
[0.519s] Level 1:colcon.colcon_core.package_identification:_identify(solution) by extension 'colcon_pkg'
[0.519s] Level 1:colcon.colcon_core.package_identification:_identify(solution) by extensions ['colcon_meta']
[0.519s] Level 1:colcon.colcon_core.package_identification:_identify(solution) by extension 'colcon_meta'
[0.519s] Level 1:colcon.colcon_core.package_identification:_identify(solution) by extensions ['ros']
[0.519s] Level 1:colcon.colcon_core.package_identification:_identify(solution) by extension 'ros'
[0.524s] DEBUG:colcon.colcon_core.package_identification:Package 'solution' with type 'ros.ament_cmake' and name 'solution'
[0.525s] Level 1:colcon.colcon_core.package_identification:_identify(spinnyrobot) by extensions ['ignore', 'ignore_ament_install']
[0.525s] Level 1:colcon.colcon_core.package_identification:_identify(spinnyrobot) by extension 'ignore'
[0.525s] Level 1:colcon.colcon_core.package_identification:_identify(spinnyrobot) by extension 'ignore_ament_install'
[0.525s] Level 1:colcon.colcon_core.package_identification:_identify(spinnyrobot) by extensions ['colcon_pkg']
[0.525s] Level 1:colcon.colcon_core.package_identification:_identify(spinnyrobot) by extension 'colcon_pkg'
[0.525s] Level 1:colcon.colcon_core.package_identification:_identify(spinnyrobot) by extensions ['colcon_meta']
[0.525s] Level 1:colcon.colcon_core.package_identification:_identify(spinnyrobot) by extension 'colcon_meta'
[0.525s] Level 1:colcon.colcon_core.package_identification:_identify(spinnyrobot) by extensions ['ros']
[0.525s] Level 1:colcon.colcon_core.package_identification:_identify(spinnyrobot) by extension 'ros'
[0.527s] DEBUG:colcon.colcon_core.package_identification:Package 'spinnyrobot' with type 'ros.ament_python' and name 'spinnyrobot'
[0.527s] Level 1:colcon.colcon_core.package_discovery:discover_packages(recursive) using defaults
[0.527s] Level 1:colcon.colcon_core.package_discovery:discover_packages(ignore) discover
[0.527s] Level 1:colcon.colcon_core.package_discovery:discover_packages(ignore) using defaults
[0.527s] Level 1:colcon.colcon_core.package_discovery:discover_packages(path) discover
[0.527s] Level 1:colcon.colcon_core.package_discovery:discover_packages(path) using defaults
[0.566s] Level 1:colcon.colcon_core.package_discovery:discover_packages(prefix_path) check parameters
[0.566s] Level 1:colcon.colcon_core.package_discovery:discover_packages(prefix_path) discover
[0.571s] DEBUG:colcon.colcon_installed_package_information.package_discovery:Found 270 installed packages in /opt/ros/humble
[0.574s] Level 1:colcon.colcon_core.package_discovery:discover_packages(prefix_path) using defaults
[0.673s] Level 5:colcon.colcon_core.verb:set package 'solution' build argument 'cmake_args' from command line to 'None'
[0.674s] Level 5:colcon.colcon_core.verb:set package 'solution' build argument 'cmake_target' from command line to 'None'
[0.674s] Level 5:colcon.colcon_core.verb:set package 'solution' build argument 'cmake_target_skip_unavailable' from command line to 'False'
[0.674s] Level 5:colcon.colcon_core.verb:set package 'solution' build argument 'cmake_clean_cache' from command line to 'False'
[0.674s] Level 5:colcon.colcon_core.verb:set package 'solution' build argument 'cmake_clean_first' from command line to 'False'
[0.674s] Level 5:colcon.colcon_core.verb:set package 'solution' build argument 'cmake_force_configure' from command line to 'False'
[0.674s] Level 5:colcon.colcon_core.verb:set package 'solution' build argument 'ament_cmake_args' from command line to 'None'
[0.674s] Level 5:colcon.colcon_core.verb:set package 'solution' build argument 'catkin_cmake_args' from command line to 'None'
[0.674s] Level 5:colcon.colcon_core.verb:set package 'solution' build argument 'catkin_skip_building_tests' from command line to 'False'
[0.674s] DEBUG:colcon.colcon_core.verb:Building package 'solution' with the following arguments: {'ament_cmake_args': None, 'build_base': '/home/quinton/tritonrobotics/training/tr-autonomy-2-rxlc/src/build/solution', 'catkin_cmake_args': None, 'catkin_skip_building_tests': False, 'cmake_args': None, 'cmake_clean_cache': False, 'cmake_clean_first': False, 'cmake_force_configure': False, 'cmake_target': None, 'cmake_target_skip_unavailable': False, 'install_base': '/home/quinton/tritonrobotics/training/tr-autonomy-2-rxlc/src/install/solution', 'merge_install': False, 'path': '/home/quinton/tritonrobotics/training/tr-autonomy-2-rxlc/src/solution', 'symlink_install': False, 'test_result_base': None}
[0.675s] Level 5:colcon.colcon_core.verb:set package 'spinnyrobot' build argument 'cmake_args' from command line to 'None'
[0.675s] Level 5:colcon.colcon_core.verb:set package 'spinnyrobot' build argument 'cmake_target' from command line to 'None'
[0.675s] Level 5:colcon.colcon_core.verb:set package 'spinnyrobot' build argument 'cmake_target_skip_unavailable' from command line to 'False'
[0.675s] Level 5:colcon.colcon_core.verb:set package 'spinnyrobot' build argument 'cmake_clean_cache' from command line to 'False'
[0.675s] Level 5:colcon.colcon_core.verb:set package 'spinnyrobot' build argument 'cmake_clean_first' from command line to 'False'
[0.675s] Level 5:colcon.colcon_core.verb:set package 'spinnyrobot' build argument 'cmake_force_configure' from command line to 'False'
[0.675s] Level 5:colcon.colcon_core.verb:set package 'spinnyrobot' build argument 'ament_cmake_args' from command line to 'None'
[0.675s] Level 5:colcon.colcon_core.verb:set package 'spinnyrobot' build argument 'catkin_cmake_args' from command line to 'None'
[0.675s] Level 5:colcon.colcon_core.verb:set package 'spinnyrobot' build argument 'catkin_skip_building_tests' from command line to 'False'
[0.676s] DEBUG:colcon.colcon_core.verb:Building package 'spinnyrobot' with the following arguments: {'ament_cmake_args': None, 'build_base': '/home/quinton/tritonrobotics/training/tr-autonomy-2-rxlc/src/build/spinnyrobot', 'catkin_cmake_args': None, 'catkin_skip_building_tests': False, 'cmake_args': None, 'cmake_clean_cache': False, 'cmake_clean_first': False, 'cmake_force_configure': False, 'cmake_target': None, 'cmake_target_skip_unavailable': False, 'install_base': '/home/quinton/tritonrobotics/training/tr-autonomy-2-rxlc/src/install/spinnyrobot', 'merge_install': False, 'path': '/home/quinton/tritonrobotics/training/tr-autonomy-2-rxlc/src/spinnyrobot', 'symlink_install': False, 'test_result_base': None}
[0.676s] INFO:colcon.colcon_core.executor:Executing jobs using 'parallel' executor
[0.678s] DEBUG:colcon.colcon_parallel_executor.executor.parallel:run_until_complete
[0.678s] INFO:colcon.colcon_ros.task.ament_cmake.build:Building ROS package in '/home/quinton/tritonrobotics/training/tr-autonomy-2-rxlc/src/solution' with build type 'ament_cmake'
[0.678s] INFO:colcon.colcon_cmake.task.cmake.build:Building CMake package in '/home/quinton/tritonrobotics/training/tr-autonomy-2-rxlc/src/solution'
[0.683s] INFO:colcon.colcon_core.plugin_system:Skipping extension 'colcon_core.shell.bat': Not used on non-Windows systems
[0.683s] INFO:colcon.colcon_core.shell:Skip shell extension 'powershell' for command environment: Not usable outside of PowerShell
[0.683s] DEBUG:colcon.colcon_core.shell:Skip shell extension 'dsv' for command environment
[0.689s] INFO:colcon.colcon_ros.task.ament_python.build:Building ROS package in '/home/quinton/tritonrobotics/training/tr-autonomy-2-rxlc/src/spinnyrobot' with build type 'ament_python'
[0.690s] Level 1:colcon.colcon_core.shell:create_environment_hook('spinnyrobot', 'ament_prefix_path')
[0.690s] INFO:colcon.colcon_core.shell:Creating environment hook '/home/quinton/tritonrobotics/training/tr-autonomy-2-rxlc/src/install/spinnyrobot/share/spinnyrobot/hook/ament_prefix_path.ps1'
[0.694s] INFO:colcon.colcon_core.shell:Creating environment descriptor '/home/quinton/tritonrobotics/training/tr-autonomy-2-rxlc/src/install/spinnyrobot/share/spinnyrobot/hook/ament_prefix_path.dsv'
[0.695s] INFO:colcon.colcon_core.shell:Creating environment hook '/home/quinton/tritonrobotics/training/tr-autonomy-2-rxlc/src/install/spinnyrobot/share/spinnyrobot/hook/ament_prefix_path.sh'
[0.697s] INFO:colcon.colcon_core.shell:Skip shell extension 'powershell' for command environment: Not usable outside of PowerShell
[0.697s] DEBUG:colcon.colcon_core.shell:Skip shell extension 'dsv' for command environment
[0.717s] DEBUG:colcon.colcon_core.event_handler.log_command:Invoking command in '/home/quinton/tritonrobotics/training/tr-autonomy-2-rxlc/src/build/solution': CMAKE_PREFIX_PATH=/opt/ros/humble /usr/bin/cmake --build /home/quinton/tritonrobotics/training/tr-autonomy-2-rxlc/src/build/solution -- -j4 -l4
[1.227s] INFO:colcon.colcon_core.task.python.build:Building Python package in '/home/quinton/tritonrobotics/training/tr-autonomy-2-rxlc/src/spinnyrobot'
[1.228s] INFO:colcon.colcon_core.shell:Skip shell extension 'powershell' for command environment: Not usable outside of PowerShell
[1.228s] DEBUG:colcon.colcon_core.shell:Skip shell extension 'dsv' for command environment
[1.957s] DEBUG:colcon.colcon_core.event_handler.log_command:Invoking command in '/home/quinton/tritonrobotics/training/tr-autonomy-2-rxlc/src/spinnyrobot': PYTHONPATH=/home/quinton/tritonrobotics/training/tr-autonomy-2-rxlc/src/build/spinnyrobot/prefix_override:/usr/lib/python3/dist-packages/colcon_core/task/python/colcon_distutils_commands:/home/quinton/tritonrobotics/training/tr-autonomy-2-rxlc/src/install/spinnyrobot/lib/python3.10/site-packages:${PYTHONPATH} /usr/bin/python3 -W ignore:setup.py install is deprecated setup.py egg_info --egg-base ../build/spinnyrobot build --build-base /home/quinton/tritonrobotics/training/tr-autonomy-2-rxlc/src/build/spinnyrobot/build install --record /home/quinton/tritonrobotics/training/tr-autonomy-2-rxlc/src/build/spinnyrobot/install.log --single-version-externally-managed install_data
[2.571s] DEBUG:colcon.colcon_core.event_handler.log_command:Invoked command in '/home/quinton/tritonrobotics/training/tr-autonomy-2-rxlc/src/spinnyrobot' returned '0': PYTHONPATH=/home/quinton/tritonrobotics/training/tr-autonomy-2-rxlc/src/build/spinnyrobot/prefix_override:/usr/lib/python3/dist-packages/colcon_core/task/python/colcon_distutils_commands:/home/quinton/tritonrobotics/training/tr-autonomy-2-rxlc/src/install/spinnyrobot/lib/python3.10/site-packages:${PYTHONPATH} /usr/bin/python3 -W ignore:setup.py install is deprecated setup.py egg_info --egg-base ../build/spinnyrobot build --build-base /home/quinton/tritonrobotics/training/tr-autonomy-2-rxlc/src/build/spinnyrobot/build install --record /home/quinton/tritonrobotics/training/tr-autonomy-2-rxlc/src/build/spinnyrobot/install.log --single-version-externally-managed install_data
[2.578s] Level 1:colcon.colcon_core.environment:checking '/home/quinton/tritonrobotics/training/tr-autonomy-2-rxlc/src/install/spinnyrobot' for CMake module files
[2.579s] Level 1:colcon.colcon_core.environment:checking '/home/quinton/tritonrobotics/training/tr-autonomy-2-rxlc/src/install/spinnyrobot' for CMake config files
[2.583s] Level 1:colcon.colcon_core.environment:checking '/home/quinton/tritonrobotics/training/tr-autonomy-2-rxlc/src/install/spinnyrobot/lib'
[2.583s] Level 1:colcon.colcon_core.environment:checking '/home/quinton/tritonrobotics/training/tr-autonomy-2-rxlc/src/install/spinnyrobot/bin'
[2.584s] Level 1:colcon.colcon_core.environment:checking '/home/quinton/tritonrobotics/training/tr-autonomy-2-rxlc/src/install/spinnyrobot/lib/pkgconfig/spinnyrobot.pc'
[2.584s] Level 1:colcon.colcon_core.environment:checking '/home/quinton/tritonrobotics/training/tr-autonomy-2-rxlc/src/install/spinnyrobot/lib/python3.10/site-packages'
[2.584s] Level 1:colcon.colcon_core.shell:create_environment_hook('spinnyrobot', 'pythonpath')
[2.585s] INFO:colcon.colcon_core.shell:Creating environment hook '/home/quinton/tritonrobotics/training/tr-autonomy-2-rxlc/src/install/spinnyrobot/share/spinnyrobot/hook/pythonpath.ps1'
[2.586s] INFO:colcon.colcon_core.shell:Creating environment descriptor '/home/quinton/tritonrobotics/training/tr-autonomy-2-rxlc/src/install/spinnyrobot/share/spinnyrobot/hook/pythonpath.dsv'
[2.587s] INFO:colcon.colcon_core.shell:Creating environment hook '/home/quinton/tritonrobotics/training/tr-autonomy-2-rxlc/src/install/spinnyrobot/share/spinnyrobot/hook/pythonpath.sh'
[2.589s] Level 1:colcon.colcon_core.environment:checking '/home/quinton/tritonrobotics/training/tr-autonomy-2-rxlc/src/install/spinnyrobot/bin'
[2.589s] Level 1:colcon.colcon_core.environment:create_environment_scripts_only(spinnyrobot)
[2.589s] INFO:colcon.colcon_core.shell:Creating package script '/home/quinton/tritonrobotics/training/tr-autonomy-2-rxlc/src/install/spinnyrobot/share/spinnyrobot/package.ps1'
[2.591s] INFO:colcon.colcon_core.shell:Creating package descriptor '/home/quinton/tritonrobotics/training/tr-autonomy-2-rxlc/src/install/spinnyrobot/share/spinnyrobot/package.dsv'
[2.593s] INFO:colcon.colcon_core.shell:Creating package script '/home/quinton/tritonrobotics/training/tr-autonomy-2-rxlc/src/install/spinnyrobot/share/spinnyrobot/package.sh'
[2.594s] INFO:colcon.colcon_core.shell:Creating package script '/home/quinton/tritonrobotics/training/tr-autonomy-2-rxlc/src/install/spinnyrobot/share/spinnyrobot/package.bash'
[2.597s] INFO:colcon.colcon_core.shell:Creating package script '/home/quinton/tritonrobotics/training/tr-autonomy-2-rxlc/src/install/spinnyrobot/share/spinnyrobot/package.zsh'
[2.599s] Level 1:colcon.colcon_core.environment:create_file_with_runtime_dependencies(/home/quinton/tritonrobotics/training/tr-autonomy-2-rxlc/src/install/spinnyrobot/share/colcon-core/packages/spinnyrobot)
[30.624s] DEBUG:colcon.colcon_core.event_handler.log_command:Invoked command in '/home/quinton/tritonrobotics/training/tr-autonomy-2-rxlc/src/build/solution' returned '0': CMAKE_PREFIX_PATH=/opt/ros/humble /usr/bin/cmake --build /home/quinton/tritonrobotics/training/tr-autonomy-2-rxlc/src/build/solution -- -j4 -l4
[30.735s] DEBUG:colcon.colcon_core.event_handler.log_command:Invoking command in '/home/quinton/tritonrobotics/training/tr-autonomy-2-rxlc/src/build/solution': CMAKE_PREFIX_PATH=/opt/ros/humble /usr/bin/cmake --install /home/quinton/tritonrobotics/training/tr-autonomy-2-rxlc/src/build/solution
[30.769s] Level 1:colcon.colcon_core.environment:create_environment_scripts_only(solution)
[30.770s] Level 1:colcon.colcon_core.environment:checking '/home/quinton/tritonrobotics/training/tr-autonomy-2-rxlc/src/install/solution' for CMake module files
[30.771s] DEBUG:colcon.colcon_core.event_handler.log_command:Invoked command in '/home/quinton/tritonrobotics/training/tr-autonomy-2-rxlc/src/build/solution' returned '0': CMAKE_PREFIX_PATH=/opt/ros/humble /usr/bin/cmake --install /home/quinton/tritonrobotics/training/tr-autonomy-2-rxlc/src/build/solution
[30.771s] Level 1:colcon.colcon_core.environment:checking '/home/quinton/tritonrobotics/training/tr-autonomy-2-rxlc/src/install/solution' for CMake config files
[30.772s] Level 1:colcon.colcon_core.shell:create_environment_hook('solution', 'cmake_prefix_path')
[30.772s] INFO:colcon.colcon_core.shell:Creating environment hook '/home/quinton/tritonrobotics/training/tr-autonomy-2-rxlc/src/install/solution/share/solution/hook/cmake_prefix_path.ps1'
[30.773s] INFO:colcon.colcon_core.shell:Creating environment descriptor '/home/quinton/tritonrobotics/training/tr-autonomy-2-rxlc/src/install/solution/share/solution/hook/cmake_prefix_path.dsv'
[30.774s] INFO:colcon.colcon_core.shell:Creating environment hook '/home/quinton/tritonrobotics/training/tr-autonomy-2-rxlc/src/install/solution/share/solution/hook/cmake_prefix_path.sh'
[30.775s] Level 1:colcon.colcon_core.environment:checking '/home/quinton/tritonrobotics/training/tr-autonomy-2-rxlc/src/install/solution/lib'
[30.776s] Level 1:colcon.colcon_core.environment:checking '/home/quinton/tritonrobotics/training/tr-autonomy-2-rxlc/src/install/solution/bin'
[30.776s] Level 1:colcon.colcon_core.environment:checking '/home/quinton/tritonrobotics/training/tr-autonomy-2-rxlc/src/install/solution/lib/pkgconfig/solution.pc'
[30.776s] Level 1:colcon.colcon_core.environment:checking '/home/quinton/tritonrobotics/training/tr-autonomy-2-rxlc/src/install/solution/lib/python3.10/site-packages'
[30.777s] Level 1:colcon.colcon_core.environment:checking '/home/quinton/tritonrobotics/training/tr-autonomy-2-rxlc/src/install/solution/bin'
[30.777s] INFO:colcon.colcon_core.shell:Creating package script '/home/quinton/tritonrobotics/training/tr-autonomy-2-rxlc/src/install/solution/share/solution/package.ps1'
[30.778s] INFO:colcon.colcon_core.shell:Creating package descriptor '/home/quinton/tritonrobotics/training/tr-autonomy-2-rxlc/src/install/solution/share/solution/package.dsv'
[30.779s] INFO:colcon.colcon_core.shell:Creating package script '/home/quinton/tritonrobotics/training/tr-autonomy-2-rxlc/src/install/solution/share/solution/package.sh'
[30.780s] INFO:colcon.colcon_core.shell:Creating package script '/home/quinton/tritonrobotics/training/tr-autonomy-2-rxlc/src/install/solution/share/solution/package.bash'
[30.781s] INFO:colcon.colcon_core.shell:Creating package script '/home/quinton/tritonrobotics/training/tr-autonomy-2-rxlc/src/install/solution/share/solution/package.zsh'
[30.782s] Level 1:colcon.colcon_core.environment:create_file_with_runtime_dependencies(/home/quinton/tritonrobotics/training/tr-autonomy-2-rxlc/src/install/solution/share/colcon-core/packages/solution)
[30.881s] Level 1:colcon.colcon_core.environment:create_environment_scripts_only(solution)
[30.882s] Level 1:colcon.colcon_core.environment:checking '/home/quinton/tritonrobotics/training/tr-autonomy-2-rxlc/src/install/solution' for CMake module files
[30.883s] Level 1:colcon.colcon_core.environment:checking '/home/quinton/tritonrobotics/training/tr-autonomy-2-rxlc/src/install/solution' for CMake config files
[30.883s] Level 1:colcon.colcon_core.shell:create_environment_hook('solution', 'cmake_prefix_path')
[30.884s] INFO:colcon.colcon_core.shell:Creating environment hook '/home/quinton/tritonrobotics/training/tr-autonomy-2-rxlc/src/install/solution/share/solution/hook/cmake_prefix_path.ps1'
[30.886s] INFO:colcon.colcon_core.shell:Creating environment descriptor '/home/quinton/tritonrobotics/training/tr-autonomy-2-rxlc/src/install/solution/share/solution/hook/cmake_prefix_path.dsv'
[30.887s] INFO:colcon.colcon_core.shell:Creating environment hook '/home/quinton/tritonrobotics/training/tr-autonomy-2-rxlc/src/install/solution/share/solution/hook/cmake_prefix_path.sh'
[30.888s] Level 1:colcon.colcon_core.environment:checking '/home/quinton/tritonrobotics/training/tr-autonomy-2-rxlc/src/install/solution/lib'
[30.889s] Level 1:colcon.colcon_core.environment:checking '/home/quinton/tritonrobotics/training/tr-autonomy-2-rxlc/src/install/solution/bin'
[30.889s] Level 1:colcon.colcon_core.environment:checking '/home/quinton/tritonrobotics/training/tr-autonomy-2-rxlc/src/install/solution/lib/pkgconfig/solution.pc'
[30.890s] Level 1:colcon.colcon_core.environment:checking '/home/quinton/tritonrobotics/training/tr-autonomy-2-rxlc/src/install/solution/lib/python3.10/site-packages'
[30.890s] Level 1:colcon.colcon_core.environment:checking '/home/quinton/tritonrobotics/training/tr-autonomy-2-rxlc/src/install/solution/bin'
[30.891s] INFO:colcon.colcon_core.shell:Creating package script '/home/quinton/tritonrobotics/training/tr-autonomy-2-rxlc/src/install/solution/share/solution/package.ps1'
[30.892s] INFO:colcon.colcon_core.shell:Creating package descriptor '/home/quinton/tritonrobotics/training/tr-autonomy-2-rxlc/src/install/solution/share/solution/package.dsv'
[30.893s] INFO:colcon.colcon_core.shell:Creating package script '/home/quinton/tritonrobotics/training/tr-autonomy-2-rxlc/src/install/solution/share/solution/package.sh'
[30.895s] INFO:colcon.colcon_core.shell:Creating package script '/home/quinton/tritonrobotics/training/tr-autonomy-2-rxlc/src/install/solution/share/solution/package.bash'
[30.896s] INFO:colcon.colcon_core.shell:Creating package script '/home/quinton/tritonrobotics/training/tr-autonomy-2-rxlc/src/install/solution/share/solution/package.zsh'
[30.897s] Level 1:colcon.colcon_core.environment:create_file_with_runtime_dependencies(/home/quinton/tritonrobotics/training/tr-autonomy-2-rxlc/src/install/solution/share/colcon-core/packages/solution)
[30.897s] DEBUG:colcon.colcon_parallel_executor.executor.parallel:closing loop
[30.898s] DEBUG:colcon.colcon_parallel_executor.executor.parallel:loop closed
[30.899s] DEBUG:colcon.colcon_parallel_executor.executor.parallel:run_until_complete finished with '0'
[30.899s] DEBUG:colcon.colcon_core.event_reactor:joining thread
[30.908s] INFO:colcon.colcon_core.plugin_system:Skipping extension 'colcon_notification.desktop_notification.terminal_notifier': Not used on non-Darwin systems
[30.909s] INFO:colcon.colcon_core.plugin_system:Skipping extension 'colcon_notification.desktop_notification.win32': Not used on non-Windows systems
[30.909s] INFO:colcon.colcon_notification.desktop_notification:Sending desktop notification using 'notify2'
[30.949s] DEBUG:colcon.colcon_core.event_reactor:joined thread
[30.950s] INFO:colcon.colcon_core.shell:Creating prefix script '/home/quinton/tritonrobotics/training/tr-autonomy-2-rxlc/src/install/local_setup.ps1'
[30.952s] INFO:colcon.colcon_core.shell:Creating prefix util module '/home/quinton/tritonrobotics/training/tr-autonomy-2-rxlc/src/install/_local_setup_util_ps1.py'
[30.956s] INFO:colcon.colcon_core.shell:Creating prefix chain script '/home/quinton/tritonrobotics/training/tr-autonomy-2-rxlc/src/install/setup.ps1'
[30.959s] INFO:colcon.colcon_core.shell:Creating prefix script '/home/quinton/tritonrobotics/training/tr-autonomy-2-rxlc/src/install/local_setup.sh'
[30.960s] INFO:colcon.colcon_core.shell:Creating prefix util module '/home/quinton/tritonrobotics/training/tr-autonomy-2-rxlc/src/install/_local_setup_util_sh.py'
[30.962s] INFO:colcon.colcon_core.shell:Creating prefix chain script '/home/quinton/tritonrobotics/training/tr-autonomy-2-rxlc/src/install/setup.sh'
[30.965s] INFO:colcon.colcon_core.shell:Creating prefix script '/home/quinton/tritonrobotics/training/tr-autonomy-2-rxlc/src/install/local_setup.bash'
[30.967s] INFO:colcon.colcon_core.shell:Creating prefix chain script '/home/quinton/tritonrobotics/training/tr-autonomy-2-rxlc/src/install/setup.bash'
[30.969s] INFO:colcon.colcon_core.shell:Creating prefix script '/home/quinton/tritonrobotics/training/tr-autonomy-2-rxlc/src/install/local_setup.zsh'
[30.971s] INFO:colcon.colcon_core.shell:Creating prefix chain script '/home/quinton/tritonrobotics/training/tr-autonomy-2-rxlc/src/install/setup.zsh'
