[1.205s] Invoking command in '/home/quinton/tritonrobotics/training/tr-autonomy-2-rxlc/src/spinnyrobot': PYTHONPATH=/home/quinton/tritonrobotics/training/tr-autonomy-2-rxlc/src/build/spinnyrobot/prefix_override:/usr/lib/python3/dist-packages/colcon_core/task/python/colcon_distutils_commands:/home/quinton/tritonrobotics/training/tr-autonomy-2-rxlc/src/install/spinnyrobot/lib/python3.10/site-packages:${PYTHONPATH} /usr/bin/python3 -W ignore:setup.py install is deprecated setup.py egg_info --egg-base ../build/spinnyrobot build --build-base /home/quinton/tritonrobotics/training/tr-autonomy-2-rxlc/src/build/spinnyrobot/build install --record /home/quinton/tritonrobotics/training/tr-autonomy-2-rxlc/src/build/spinnyrobot/install.log --single-version-externally-managed install_data
[1.703s] running egg_info
[1.705s] writing ../build/spinnyrobot/spinnyrobot.egg-info/PKG-INFO
[1.707s] writing dependency_links to ../build/spinnyrobot/spinnyrobot.egg-info/dependency_links.txt
[1.707s] writing entry points to ../build/spinnyrobot/spinnyrobot.egg-info/entry_points.txt
[1.707s] writing requirements to ../build/spinnyrobot/spinnyrobot.egg-info/requires.txt
[1.707s] writing top-level names to ../build/spinnyrobot/spinnyrobot.egg-info/top_level.txt
[1.711s] reading manifest file '../build/spinnyrobot/spinnyrobot.egg-info/SOURCES.txt'
[1.713s] writing manifest file '../build/spinnyrobot/spinnyrobot.egg-info/SOURCES.txt'
[1.714s] running build
[1.715s] running build_py
[1.715s] running install
[1.715s] running install_lib
[1.717s] running install_data
[1.717s] running install_egg_info
[1.722s] removing '/home/quinton/tritonrobotics/training/tr-autonomy-2-rxlc/src/install/spinnyrobot/lib/python3.10/site-packages/spinnyrobot-0.0.0-py3.10.egg-info' (and everything under it)
[1.724s] Copying ../build/spinnyrobot/spinnyrobot.egg-info to /home/quinton/tritonrobotics/training/tr-autonomy-2-rxlc/src/install/spinnyrobot/lib/python3.10/site-packages/spinnyrobot-0.0.0-py3.10.egg-info
[1.724s] running install_scripts
[1.766s] Installing spinnyrobot script to /home/quinton/tritonrobotics/training/tr-autonomy-2-rxlc/src/install/spinnyrobot/lib/spinnyrobot
[1.767s] writing list of installed files to '/home/quinton/tritonrobotics/training/tr-autonomy-2-rxlc/src/build/spinnyrobot/install.log'
[1.816s] Invoked command in '/home/quinton/tritonrobotics/training/tr-autonomy-2-rxlc/src/spinnyrobot' returned '0': PYTHONPATH=/home/quinton/tritonrobotics/training/tr-autonomy-2-rxlc/src/build/spinnyrobot/prefix_override:/usr/lib/python3/dist-packages/colcon_core/task/python/colcon_distutils_commands:/home/quinton/tritonrobotics/training/tr-autonomy-2-rxlc/src/install/spinnyrobot/lib/python3.10/site-packages:${PYTHONPATH} /usr/bin/python3 -W ignore:setup.py install is deprecated setup.py egg_info --egg-base ../build/spinnyrobot build --build-base /home/quinton/tritonrobotics/training/tr-autonomy-2-rxlc/src/build/spinnyrobot/build install --record /home/quinton/tritonrobotics/training/tr-autonomy-2-rxlc/src/build/spinnyrobot/install.log --single-version-externally-managed install_data
