[1.475s] Invoking command in '/home/quinton/tritonrobotics/training/tr-autonomy-2-rxlc/src/spinnyrobot': PYTHONPATH=/home/quinton/tritonrobotics/training/tr-autonomy-2-rxlc/src/build/spinnyrobot/prefix_override:/usr/lib/python3/dist-packages/colcon_core/task/python/colcon_distutils_commands:/home/quinton/tritonrobotics/training/tr-autonomy-2-rxlc/src/install/spinnyrobot/lib/python3.10/site-packages:${PYTHONPATH} /usr/bin/python3 -W ignore:setup.py install is deprecated setup.py egg_info --egg-base ../build/spinnyrobot build --build-base /home/quinton/tritonrobotics/training/tr-autonomy-2-rxlc/src/build/spinnyrobot/build install --record /home/quinton/tritonrobotics/training/tr-autonomy-2-rxlc/src/build/spinnyrobot/install.log --single-version-externally-managed install_data
[2.021s] running egg_info
[2.023s] writing ../build/spinnyrobot/spinnyrobot.egg-info/PKG-INFO
[2.023s] writing dependency_links to ../build/spinnyrobot/spinnyrobot.egg-info/dependency_links.txt
[2.023s] writing entry points to ../build/spinnyrobot/spinnyrobot.egg-info/entry_points.txt
[2.023s] writing requirements to ../build/spinnyrobot/spinnyrobot.egg-info/requires.txt
[2.023s] writing top-level names to ../build/spinnyrobot/spinnyrobot.egg-info/top_level.txt
[2.036s] reading manifest file '../build/spinnyrobot/spinnyrobot.egg-info/SOURCES.txt'
[2.036s] writing manifest file '../build/spinnyrobot/spinnyrobot.egg-info/SOURCES.txt'
[2.036s] running build
[2.037s] running build_py
[2.037s] running install
[2.037s] running install_lib
[2.041s] running install_data
[2.042s] running install_egg_info
[2.043s] removing '/home/quinton/tritonrobotics/training/tr-autonomy-2-rxlc/src/install/spinnyrobot/lib/python3.10/site-packages/spinnyrobot-0.0.0-py3.10.egg-info' (and everything under it)
[2.043s] Copying ../build/spinnyrobot/spinnyrobot.egg-info to /home/quinton/tritonrobotics/training/tr-autonomy-2-rxlc/src/install/spinnyrobot/lib/python3.10/site-packages/spinnyrobot-0.0.0-py3.10.egg-info
[2.043s] running install_scripts
[2.090s] Installing spinnyrobot script to /home/quinton/tritonrobotics/training/tr-autonomy-2-rxlc/src/install/spinnyrobot/lib/spinnyrobot
[2.090s] writing list of installed files to '/home/quinton/tritonrobotics/training/tr-autonomy-2-rxlc/src/build/spinnyrobot/install.log'
[2.152s] Invoked command in '/home/quinton/tritonrobotics/training/tr-autonomy-2-rxlc/src/spinnyrobot' returned '0': PYTHONPATH=/home/quinton/tritonrobotics/training/tr-autonomy-2-rxlc/src/build/spinnyrobot/prefix_override:/usr/lib/python3/dist-packages/colcon_core/task/python/colcon_distutils_commands:/home/quinton/tritonrobotics/training/tr-autonomy-2-rxlc/src/install/spinnyrobot/lib/python3.10/site-packages:${PYTHONPATH} /usr/bin/python3 -W ignore:setup.py install is deprecated setup.py egg_info --egg-base ../build/spinnyrobot build --build-base /home/quinton/tritonrobotics/training/tr-autonomy-2-rxlc/src/build/spinnyrobot/build install --record /home/quinton/tritonrobotics/training/tr-autonomy-2-rxlc/src/build/spinnyrobot/install.log --single-version-externally-managed install_data
